#
# There is insufficient memory for the Java Runtime Environment to continue.
# Native memory allocation (malloc) failed to allocate 1074736 bytes for Chunk::new
# Possible reasons:
#   The system is out of physical RAM or swap space
#   The process is running with CompressedOops enabled, and the Java Heap may be blocking the growth of the native heap
# Possible solutions:
#   Reduce memory load on the system
#   Increase physical memory or swap space
#   Check if swap backing store is full
#   Decrease Java heap size (-Xmx/-Xms)
#   Decrease number of Java threads
#   Decrease Java thread stack sizes (-Xss)
#   Set larger code cache with -XX:ReservedCodeCacheSize=
#   JVM is running with Unscaled Compressed Oops mode in which the Java heap is
#     placed in the first 4GB address space. The Java Heap base address is the
#     maximum limit for the native heap growth. Please use -XX:HeapBaseMinAddress
#     to set the Java Heap base and to place the Java Heap above 4GB virtual address.
# This output file may be truncated or incomplete.
#
#  Out of Memory Error (./src/hotspot/share/memory/arena.cpp:197), pid=13092, tid=14200
#
# JRE version: OpenJDK Runtime Environment (11.0.8+10) (build 11.0.8+10-b944.6842174)
# Java VM: OpenJDK 64-Bit Server VM (11.0.8+10-b944.6842174, mixed mode, tiered, compressed oops, g1 gc, windows-amd64)
# No core dump will be written. Minidumps are not enabled by default on client versions of Windows
#

---------------  S U M M A R Y ------------

Command Line: --add-opens=java.base/java.util=ALL-UNNAMED --add-opens=java.base/java.lang=ALL-UNNAMED --add-opens=java.base/java.lang.invoke=ALL-UNNAMED --add-opens=java.prefs/java.util.prefs=ALL-UNNAMED -Xmx2048M -Dfile.encoding=windows-1251 -Duser.country=RU -Duser.language=ru -Duser.variant org.gradle.launcher.daemon.bootstrap.GradleDaemon 6.1.1

Host: AMD Ryzen 5 3500U with Radeon Vega Mobile Gfx  , 8 cores, 6G,  Windows 10 , 64 bit Build 19041 (10.0.19041.1023)
Time: Sun Aug  1 21:32:53 2021 RTZ 2 (зима) elapsed time: 4 seconds (0d 0h 0m 4s)

---------------  T H R E A D  ---------------

Current thread (0x0000026dce9a2000):  JavaThread "C2 CompilerThread1" daemon [_thread_in_native, id=14200, stack(0x000000b16d200000,0x000000b16d300000)]


Current CompileTask:
C2:   4873 2171       4       java.net.URLClassLoader$1::run (5 bytes)

Stack: [0x000000b16d200000,0x000000b16d300000]
Native frames: (J=compiled Java code, j=interpreted, Vv=VM code, C=native code)
V  [jvm.dll+0x5de50a]
V  [jvm.dll+0x7122f5]
V  [jvm.dll+0x71384d]
V  [jvm.dll+0x713f03]
V  [jvm.dll+0x23e728]
V  [jvm.dll+0xb899c]
V  [jvm.dll+0xb8e9c]
V  [jvm.dll+0x2b20e4]
V  [jvm.dll+0x502098]
V  [jvm.dll+0x1ff393]
V  [jvm.dll+0x1f917c]
V  [jvm.dll+0x1f685f]
V  [jvm.dll+0x17f32c]
V  [jvm.dll+0x205047]
V  [jvm.dll+0x203891]
V  [jvm.dll+0x6dad3f]
V  [jvm.dll+0x6d3895]
V  [jvm.dll+0x5dd4a6]
C  [ucrtbase.dll+0x21bb2]
C  [KERNEL32.DLL+0x17034]
C  [ntdll.dll+0x52651]


---------------  P R O C E S S  ---------------

Threads class SMR info:
_java_thread_list=0x0000026dcf453b70, length=26, elements={
0x0000026db233d800, 0x0000026dcc628800, 0x0000026dcc62a000, 0x0000026dcc646800,
0x0000026dcc648800, 0x0000026dcc64a000, 0x0000026dcc652000, 0x0000026dcc654000,
0x0000026dcd106000, 0x0000026dcd111800, 0x0000026dcdbf9000, 0x0000026dce899000,
0x0000026dce1dd800, 0x0000026dcea3a000, 0x0000026dce441000, 0x0000026dce9a7800,
0x0000026dcf0d3800, 0x0000026dce9a3000, 0x0000026dce9f5000, 0x0000026dceea6000,
0x0000026dcee57000, 0x0000026dcee58000, 0x0000026dcee59800, 0x0000026dce9a2000,
0x0000026dcee54800, 0x0000026dcee53800
}

Java Threads: ( => current thread )
  0x0000026db233d800 JavaThread "main" [_thread_blocked, id=16764, stack(0x000000b16b900000,0x000000b16ba00000)]
  0x0000026dcc628800 JavaThread "Reference Handler" daemon [_thread_blocked, id=1020, stack(0x000000b16c000000,0x000000b16c100000)]
  0x0000026dcc62a000 JavaThread "Finalizer" daemon [_thread_blocked, id=8928, stack(0x000000b16c100000,0x000000b16c200000)]
  0x0000026dcc646800 JavaThread "Signal Dispatcher" daemon [_thread_blocked, id=15444, stack(0x000000b16c200000,0x000000b16c300000)]
  0x0000026dcc648800 JavaThread "Attach Listener" daemon [_thread_blocked, id=3668, stack(0x000000b16c300000,0x000000b16c400000)]
  0x0000026dcc64a000 JavaThread "C2 CompilerThread0" daemon [_thread_in_native, id=12512, stack(0x000000b16c400000,0x000000b16c500000)]
  0x0000026dcc652000 JavaThread "C1 CompilerThread0" daemon [_thread_blocked, id=14920, stack(0x000000b16c500000,0x000000b16c600000)]
  0x0000026dcc654000 JavaThread "Sweeper thread" daemon [_thread_blocked, id=18552, stack(0x000000b16c600000,0x000000b16c700000)]
  0x0000026dcd106000 JavaThread "Common-Cleaner" daemon [_thread_blocked, id=14968, stack(0x000000b16c700000,0x000000b16c800000)]
  0x0000026dcd111800 JavaThread "Service Thread" daemon [_thread_blocked, id=13756, stack(0x000000b16c800000,0x000000b16c900000)]
  0x0000026dcdbf9000 JavaThread "Daemon health stats" [_thread_blocked, id=2836, stack(0x000000b16cc00000,0x000000b16cd00000)]
  0x0000026dce899000 JavaThread "Incoming local TCP Connector on port 62581" [_thread_in_native, id=18324, stack(0x000000b16ca00000,0x000000b16cb00000)]
  0x0000026dce1dd800 JavaThread "Daemon periodic checks" [_thread_blocked, id=16800, stack(0x000000b16cd00000,0x000000b16ce00000)]
  0x0000026dcea3a000 JavaThread "Daemon" [_thread_blocked, id=16620, stack(0x000000b16ce00000,0x000000b16cf00000)]
  0x0000026dce441000 JavaThread "Handler for socket connection from /127.0.0.1:62581 to /127.0.0.1:62582" [_thread_in_native, id=12936, stack(0x000000b16cf00000,0x000000b16d000000)]
  0x0000026dce9a7800 JavaThread "Cancel handler" [_thread_blocked, id=11112, stack(0x000000b16d000000,0x000000b16d100000)]
  0x0000026dcf0d3800 JavaThread "Daemon worker" [_thread_in_vm, id=17496, stack(0x000000b16d100000,0x000000b16d200000)]
  0x0000026dce9a3000 JavaThread "Asynchronous log dispatcher for DefaultDaemonConnection: socket connection from /127.0.0.1:62581 to /127.0.0.1:62582" [_thread_blocked, id=12048, stack(0x000000b16d300000,0x000000b16d400000)]
  0x0000026dce9f5000 JavaThread "Stdin handler" [_thread_blocked, id=17656, stack(0x000000b16d400000,0x000000b16d500000)]
  0x0000026dceea6000 JavaThread "Thread-8" [_thread_blocked, id=9872, stack(0x000000b16d500000,0x000000b16d600000)]
  0x0000026dcee57000 JavaThread "Cache worker for journal cache (C:\Users\huawe\.gradle\caches\journal-1)" [_thread_blocked, id=8664, stack(0x000000b16dd00000,0x000000b16de00000)]
  0x0000026dcee58000 JavaThread "File lock request listener" [_thread_in_native, id=4756, stack(0x000000b16de00000,0x000000b16df00000)]
  0x0000026dcee59800 JavaThread "Cache worker for file hash cache (C:\Users\huawe\.gradle\caches\6.1.1\fileHashes)" [_thread_blocked, id=12664, stack(0x000000b16df00000,0x000000b16e000000)]
=>0x0000026dce9a2000 JavaThread "C2 CompilerThread1" daemon [_thread_in_native, id=14200, stack(0x000000b16d200000,0x000000b16d300000)]
  0x0000026dcee54800 JavaThread "Cache worker for checksums cache (C:\Users\huawe\AndroidStudioProjects\Chemistree\.gradle\checksums)" [_thread_blocked, id=14648, stack(0x000000b16e100000,0x000000b16e200000)]
  0x0000026dcee53800 JavaThread "Cache worker for file hash cache (C:\Users\huawe\AndroidStudioProjects\Chemistree\.gradle\6.1.1\fileHashes)" [_thread_blocked, id=6852, stack(0x000000b16e200000,0x000000b16e300000)]

Other Threads:
  0x0000026dcc622000 VMThread "VM Thread" [stack: 0x000000b16bf00000,0x000000b16c000000] [id=8864]
  0x0000026dcd113000 WatcherThread [stack: 0x000000b16c900000,0x000000b16ca00000] [id=10316]
  0x0000026db2350000 GCTaskThread "GC Thread#0" [stack: 0x000000b16ba00000,0x000000b16bb00000] [id=18768]
  0x0000026dcdb89000 GCTaskThread "GC Thread#1" [stack: 0x000000b16cb00000,0x000000b16cc00000] [id=1932]
  0x0000026dcee47800 GCTaskThread "GC Thread#2" [stack: 0x000000b16d600000,0x000000b16d700000] [id=16676]
  0x0000026dcee9f800 GCTaskThread "GC Thread#3" [stack: 0x000000b16d700000,0x000000b16d800000] [id=5040]
  0x0000026dceeed800 GCTaskThread "GC Thread#4" [stack: 0x000000b16d800000,0x000000b16d900000] [id=15560]
  0x0000026dceefe000 GCTaskThread "GC Thread#5" [stack: 0x000000b16d900000,0x000000b16da00000] [id=16648]
  0x0000026dceef2800 GCTaskThread "GC Thread#6" [stack: 0x000000b16da00000,0x000000b16db00000] [id=2804]
  0x0000026dceef3800 GCTaskThread "GC Thread#7" [stack: 0x000000b16db00000,0x000000b16dc00000] [id=8592]
  0x0000026db2381000 ConcurrentGCThread "G1 Main Marker" [stack: 0x000000b16bb00000,0x000000b16bc00000] [id=15968]
  0x0000026db2384000 ConcurrentGCThread "G1 Conc#0" [stack: 0x000000b16bc00000,0x000000b16bd00000] [id=1972]
  0x0000026dcf108000 ConcurrentGCThread "G1 Conc#1" [stack: 0x000000b16e000000,0x000000b16e100000] [id=6308]
  0x0000026db2412800 ConcurrentGCThread "G1 Refine#0" [stack: 0x000000b16bd00000,0x000000b16be00000] [id=14364]
  0x0000026dcee69000 ConcurrentGCThread "G1 Refine#1" [stack: 0x000000b16dc00000,0x000000b16dd00000] [id=9816]
  0x0000026db2413800 ConcurrentGCThread "G1 Young RemSet Sampling" [stack: 0x000000b16be00000,0x000000b16bf00000] [id=6988]

Threads with active compile tasks:
C2 CompilerThread0   4893 2172   !   4       java.net.URLClassLoader$1::run (63 bytes)
C2 CompilerThread1   4894 2171       4       java.net.URLClassLoader$1::run (5 bytes)

VM state:not at safepoint (normal execution)

VM Mutex/Monitor currently owned by a thread: None

Heap address: 0x0000000080000000, size: 2048 MB, Compressed Oops mode: 32-bit
Narrow klass base: 0x0000000000000000, Narrow klass shift: 3
Compressed class space size: 1073741824 Address: 0x0000000100000000

Heap:
 garbage-first heap   total 114688K, used 33444K [0x0000000080000000, 0x0000000100000000)
  region size 1024K, 11 young (11264K), 5 survivors (5120K)
 Metaspace       used 26530K, capacity 27234K, committed 27440K, reserved 1073152K
  class space    used 3406K, capacity 3631K, committed 3712K, reserved 1048576K
Heap Regions: E=young(eden), S=young(survivor), O=old, HS=humongous(starts), HC=humongous(continues), CS=collection set, F=free, A=archive, TAMS=top-at-mark-start (previous, next)
|   0|0x0000000080000000, 0x0000000080100000, 0x0000000080100000|100%| O|  |TAMS 0x0000000080100000, 0x0000000080000000| Untracked 
|   1|0x0000000080100000, 0x0000000080200000, 0x0000000080200000|100%| O|  |TAMS 0x0000000080200000, 0x0000000080100000| Untracked 
|   2|0x0000000080200000, 0x0000000080300000, 0x0000000080300000|100%| O|  |TAMS 0x0000000080300000, 0x0000000080200000| Untracked 
|   3|0x0000000080300000, 0x0000000080400000, 0x0000000080400000|100%|HS|  |TAMS 0x0000000080400000, 0x0000000080300000| Complete 
|   4|0x0000000080400000, 0x0000000080500000, 0x0000000080500000|100%|HC|  |TAMS 0x0000000080500000, 0x0000000080400000| Complete 
|   5|0x0000000080500000, 0x0000000080600000, 0x0000000080600000|100%|HC|  |TAMS 0x0000000080600000, 0x0000000080500000| Complete 
|   6|0x0000000080600000, 0x0000000080700000, 0x0000000080700000|100%| O|  |TAMS 0x0000000080700000, 0x0000000080600000| Untracked 
|   7|0x0000000080700000, 0x0000000080800000, 0x0000000080800000|100%| O|  |TAMS 0x0000000080800000, 0x0000000080700000| Untracked 
|   8|0x0000000080800000, 0x0000000080900000, 0x0000000080900000|100%| O|  |TAMS 0x0000000080900000, 0x0000000080800000| Untracked 
|   9|0x0000000080900000, 0x0000000080a00000, 0x0000000080a00000|100%| O|  |TAMS 0x0000000080a00000, 0x0000000080900000| Untracked 
|  10|0x0000000080a00000, 0x0000000080b00000, 0x0000000080b00000|100%| O|  |TAMS 0x0000000080b00000, 0x0000000080a00000| Untracked 
|  11|0x0000000080b00000, 0x0000000080c00000, 0x0000000080c00000|100%| O|  |TAMS 0x0000000080c00000, 0x0000000080b00000| Untracked 
|  12|0x0000000080c00000, 0x0000000080d00000, 0x0000000080d00000|100%| O|  |TAMS 0x0000000080d00000, 0x0000000080c00000| Untracked 
|  13|0x0000000080d00000, 0x0000000080e00000, 0x0000000080e00000|100%| O|  |TAMS 0x0000000080e00000, 0x0000000080d00000| Untracked 
|  14|0x0000000080e00000, 0x0000000080e97400, 0x0000000080f00000| 59%| O|  |TAMS 0x0000000080e97400, 0x0000000080e00000| Untracked 
|  15|0x0000000080f00000, 0x0000000081000000, 0x0000000081000000|100%|HS|  |TAMS 0x0000000080f00000, 0x0000000080f00000| Complete 
|  16|0x0000000081000000, 0x0000000081100000, 0x0000000081100000|100%|HC|  |TAMS 0x0000000081000000, 0x0000000081000000| Complete 
|  17|0x0000000081100000, 0x0000000081200000, 0x0000000081200000|100%|HS|  |TAMS 0x0000000081100000, 0x0000000081100000| Complete 
|  18|0x0000000081200000, 0x0000000081300000, 0x0000000081300000|100%|HC|  |TAMS 0x0000000081200000, 0x0000000081200000| Complete 
|  19|0x0000000081300000, 0x0000000081400000, 0x0000000081400000|100%|HC|  |TAMS 0x0000000081300000, 0x0000000081300000| Complete 
|  20|0x0000000081400000, 0x0000000081500000, 0x0000000081500000|100%|HS|  |TAMS 0x0000000081400000, 0x0000000081400000| Complete 
|  21|0x0000000081500000, 0x0000000081600000, 0x0000000081600000|100%|HC|  |TAMS 0x0000000081500000, 0x0000000081500000| Complete 
|  22|0x0000000081600000, 0x0000000081700000, 0x0000000081700000|100%|HC|  |TAMS 0x0000000081600000, 0x0000000081600000| Complete 
|  23|0x0000000081700000, 0x0000000081800000, 0x0000000081800000|100%|HC|  |TAMS 0x0000000081700000, 0x0000000081700000| Complete 
|  24|0x0000000081800000, 0x0000000081800000, 0x0000000081900000|  0%| F|  |TAMS 0x0000000081800000, 0x0000000081800000| Untracked 
|  25|0x0000000081900000, 0x0000000081900000, 0x0000000081a00000|  0%| F|  |TAMS 0x0000000081900000, 0x0000000081900000| Untracked 
|  26|0x0000000081a00000, 0x0000000081a00000, 0x0000000081b00000|  0%| F|  |TAMS 0x0000000081a00000, 0x0000000081a00000| Untracked 
|  27|0x0000000081b00000, 0x0000000081b00000, 0x0000000081c00000|  0%| F|  |TAMS 0x0000000081b00000, 0x0000000081b00000| Untracked 
|  28|0x0000000081c00000, 0x0000000081c00000, 0x0000000081d00000|  0%| F|  |TAMS 0x0000000081c00000, 0x0000000081c00000| Untracked 
|  29|0x0000000081d00000, 0x0000000081d00000, 0x0000000081e00000|  0%| F|  |TAMS 0x0000000081d00000, 0x0000000081d00000| Untracked 
|  30|0x0000000081e00000, 0x0000000081e00000, 0x0000000081f00000|  0%| F|  |TAMS 0x0000000081e00000, 0x0000000081e00000| Untracked 
|  31|0x0000000081f00000, 0x0000000081f00000, 0x0000000082000000|  0%| F|  |TAMS 0x0000000081f00000, 0x0000000081f00000| Untracked 
|  32|0x0000000082000000, 0x0000000082000000, 0x0000000082100000|  0%| F|  |TAMS 0x0000000082000000, 0x0000000082000000| Untracked 
|  33|0x0000000082100000, 0x0000000082100000, 0x0000000082200000|  0%| F|  |TAMS 0x0000000082100000, 0x0000000082100000| Untracked 
|  34|0x0000000082200000, 0x0000000082200000, 0x0000000082300000|  0%| F|  |TAMS 0x0000000082200000, 0x0000000082200000| Untracked 
|  35|0x0000000082300000, 0x0000000082300000, 0x0000000082400000|  0%| F|  |TAMS 0x0000000082300000, 0x0000000082300000| Untracked 
|  36|0x0000000082400000, 0x0000000082400000, 0x0000000082500000|  0%| F|  |TAMS 0x0000000082400000, 0x0000000082400000| Untracked 
|  37|0x0000000082500000, 0x0000000082500000, 0x0000000082600000|  0%| F|  |TAMS 0x0000000082500000, 0x0000000082500000| Untracked 
|  38|0x0000000082600000, 0x0000000082600000, 0x0000000082700000|  0%| F|  |TAMS 0x0000000082600000, 0x0000000082600000| Untracked 
|  39|0x0000000082700000, 0x0000000082700000, 0x0000000082800000|  0%| F|  |TAMS 0x0000000082700000, 0x0000000082700000| Untracked 
|  40|0x0000000082800000, 0x0000000082800000, 0x0000000082900000|  0%| F|  |TAMS 0x0000000082800000, 0x0000000082800000| Untracked 
|  41|0x0000000082900000, 0x0000000082900000, 0x0000000082a00000|  0%| F|  |TAMS 0x0000000082900000, 0x0000000082900000| Untracked 
|  42|0x0000000082a00000, 0x0000000082a00000, 0x0000000082b00000|  0%| F|  |TAMS 0x0000000082a00000, 0x0000000082a00000| Untracked 
|  43|0x0000000082b00000, 0x0000000082b00000, 0x0000000082c00000|  0%| F|  |TAMS 0x0000000082b00000, 0x0000000082b00000| Untracked 
|  44|0x0000000082c00000, 0x0000000082c00000, 0x0000000082d00000|  0%| F|  |TAMS 0x0000000082c00000, 0x0000000082c00000| Untracked 
|  45|0x0000000082d00000, 0x0000000082d00000, 0x0000000082e00000|  0%| F|  |TAMS 0x0000000082d00000, 0x0000000082d00000| Untracked 
|  46|0x0000000082e00000, 0x0000000082e00000, 0x0000000082f00000|  0%| F|  |TAMS 0x0000000082e00000, 0x0000000082e00000| Untracked 
|  47|0x0000000082f00000, 0x0000000082f00000, 0x0000000083000000|  0%| F|  |TAMS 0x0000000082f00000, 0x0000000082f00000| Untracked 
|  48|0x0000000083000000, 0x0000000083000000, 0x0000000083100000|  0%| F|  |TAMS 0x0000000083000000, 0x0000000083000000| Untracked 
|  49|0x0000000083100000, 0x0000000083100000, 0x0000000083200000|  0%| F|  |TAMS 0x0000000083100000, 0x0000000083100000| Untracked 
|  50|0x0000000083200000, 0x0000000083200000, 0x0000000083300000|  0%| F|  |TAMS 0x0000000083200000, 0x0000000083200000| Untracked 
|  51|0x0000000083300000, 0x0000000083300000, 0x0000000083400000|  0%| F|  |TAMS 0x0000000083300000, 0x0000000083300000| Untracked 
|  52|0x0000000083400000, 0x0000000083400000, 0x0000000083500000|  0%| F|  |TAMS 0x0000000083400000, 0x0000000083400000| Untracked 
|  53|0x0000000083500000, 0x0000000083500000, 0x0000000083600000|  0%| F|  |TAMS 0x0000000083500000, 0x0000000083500000| Untracked 
|  54|0x0000000083600000, 0x0000000083600000, 0x0000000083700000|  0%| F|  |TAMS 0x0000000083600000, 0x0000000083600000| Untracked 
|  55|0x0000000083700000, 0x0000000083700000, 0x0000000083800000|  0%| F|  |TAMS 0x0000000083700000, 0x0000000083700000| Untracked 
|  56|0x0000000083800000, 0x0000000083800000, 0x0000000083900000|  0%| F|  |TAMS 0x0000000083800000, 0x0000000083800000| Untracked 
|  57|0x0000000083900000, 0x0000000083900000, 0x0000000083a00000|  0%| F|  |TAMS 0x0000000083900000, 0x0000000083900000| Untracked 
|  58|0x0000000083a00000, 0x0000000083a00000, 0x0000000083b00000|  0%| F|  |TAMS 0x0000000083a00000, 0x0000000083a00000| Untracked 
|  59|0x0000000083b00000, 0x0000000083b00000, 0x0000000083c00000|  0%| F|  |TAMS 0x0000000083b00000, 0x0000000083b00000| Untracked 
|  60|0x0000000083c00000, 0x0000000083c00000, 0x0000000083d00000|  0%| F|  |TAMS 0x0000000083c00000, 0x0000000083c00000| Untracked 
|  61|0x0000000083d00000, 0x0000000083d00000, 0x0000000083e00000|  0%| F|  |TAMS 0x0000000083d00000, 0x0000000083d00000| Untracked 
|  62|0x0000000083e00000, 0x0000000083e00000, 0x0000000083f00000|  0%| F|  |TAMS 0x0000000083e00000, 0x0000000083e00000| Untracked 
|  63|0x0000000083f00000, 0x0000000083f00000, 0x0000000084000000|  0%| F|  |TAMS 0x0000000083f00000, 0x0000000083f00000| Untracked 
|  64|0x0000000084000000, 0x0000000084000000, 0x0000000084100000|  0%| F|  |TAMS 0x0000000084000000, 0x0000000084000000| Untracked 
|  65|0x0000000084100000, 0x0000000084100000, 0x0000000084200000|  0%| F|  |TAMS 0x0000000084100000, 0x0000000084100000| Untracked 
|  66|0x0000000084200000, 0x0000000084211fe0, 0x0000000084300000|  7%| S|CS|TAMS 0x0000000084200000, 0x0000000084200000| Complete 
|  67|0x0000000084300000, 0x0000000084400000, 0x0000000084400000|100%| S|CS|TAMS 0x0000000084300000, 0x0000000084300000| Complete 
|  68|0x0000000084400000, 0x0000000084500000, 0x0000000084500000|100%| S|CS|TAMS 0x0000000084400000, 0x0000000084400000| Complete 
|  69|0x0000000084500000, 0x0000000084600000, 0x0000000084600000|100%| S|CS|TAMS 0x0000000084500000, 0x0000000084500000| Complete 
|  70|0x0000000084600000, 0x0000000084700000, 0x0000000084700000|100%| S|CS|TAMS 0x0000000084600000, 0x0000000084600000| Complete 
|  71|0x0000000084700000, 0x0000000084700000, 0x0000000084800000|  0%| F|  |TAMS 0x0000000084700000, 0x0000000084700000| Untracked 
|  72|0x0000000084800000, 0x0000000084800000, 0x0000000084900000|  0%| F|  |TAMS 0x0000000084800000, 0x0000000084800000| Untracked 
|  73|0x0000000084900000, 0x0000000084900000, 0x0000000084a00000|  0%| F|  |TAMS 0x0000000084900000, 0x0000000084900000| Untracked 
|  74|0x0000000084a00000, 0x0000000084a00000, 0x0000000084b00000|  0%| F|  |TAMS 0x0000000084a00000, 0x0000000084a00000| Untracked 
|  75|0x0000000084b00000, 0x0000000084b00000, 0x0000000084c00000|  0%| F|  |TAMS 0x0000000084b00000, 0x0000000084b00000| Untracked 
|  76|0x0000000084c00000, 0x0000000084c00000, 0x0000000084d00000|  0%| F|  |TAMS 0x0000000084c00000, 0x0000000084c00000| Untracked 
|  77|0x0000000084d00000, 0x0000000084d00000, 0x0000000084e00000|  0%| F|  |TAMS 0x0000000084d00000, 0x0000000084d00000| Untracked 
|  78|0x0000000084e00000, 0x0000000084e00000, 0x0000000084f00000|  0%| F|  |TAMS 0x0000000084e00000, 0x0000000084e00000| Untracked 
|  79|0x0000000084f00000, 0x0000000084f00000, 0x0000000085000000|  0%| F|  |TAMS 0x0000000084f00000, 0x0000000084f00000| Untracked 
|  80|0x0000000085000000, 0x0000000085000000, 0x0000000085100000|  0%| F|  |TAMS 0x0000000085000000, 0x0000000085000000| Untracked 
|  81|0x0000000085100000, 0x0000000085100000, 0x0000000085200000|  0%| F|  |TAMS 0x0000000085100000, 0x0000000085100000| Untracked 
|  82|0x0000000085200000, 0x0000000085200000, 0x0000000085300000|  0%| F|  |TAMS 0x0000000085200000, 0x0000000085200000| Untracked 
|  83|0x0000000085300000, 0x0000000085300000, 0x0000000085400000|  0%| F|  |TAMS 0x0000000085300000, 0x0000000085300000| Untracked 
|  84|0x0000000085400000, 0x0000000085400000, 0x0000000085500000|  0%| F|  |TAMS 0x0000000085400000, 0x0000000085400000| Untracked 
|  85|0x0000000085500000, 0x0000000085500000, 0x0000000085600000|  0%| F|  |TAMS 0x0000000085500000, 0x0000000085500000| Untracked 
|  86|0x0000000085600000, 0x0000000085600000, 0x0000000085700000|  0%| F|  |TAMS 0x0000000085600000, 0x0000000085600000| Untracked 
|  87|0x0000000085700000, 0x0000000085700000, 0x0000000085800000|  0%| F|  |TAMS 0x0000000085700000, 0x0000000085700000| Untracked 
|  88|0x0000000085800000, 0x0000000085800000, 0x0000000085900000|  0%| F|  |TAMS 0x0000000085800000, 0x0000000085800000| Untracked 
|  89|0x0000000085900000, 0x0000000085900000, 0x0000000085a00000|  0%| F|  |TAMS 0x0000000085900000, 0x0000000085900000| Untracked 
|  90|0x0000000085a00000, 0x0000000085a00000, 0x0000000085b00000|  0%| F|  |TAMS 0x0000000085a00000, 0x0000000085a00000| Untracked 
|  91|0x0000000085b00000, 0x0000000085b00000, 0x0000000085c00000|  0%| F|  |TAMS 0x0000000085b00000, 0x0000000085b00000| Untracked 
|  92|0x0000000085c00000, 0x0000000085c00000, 0x0000000085d00000|  0%| F|  |TAMS 0x0000000085c00000, 0x0000000085c00000| Untracked 
|  93|0x0000000085d00000, 0x0000000085d00000, 0x0000000085e00000|  0%| F|  |TAMS 0x0000000085d00000, 0x0000000085d00000| Untracked 
|  94|0x0000000085e00000, 0x0000000085e00000, 0x0000000085f00000|  0%| F|  |TAMS 0x0000000085e00000, 0x0000000085e00000| Untracked 
|  95|0x0000000085f00000, 0x0000000085f00000, 0x0000000086000000|  0%| F|  |TAMS 0x0000000085f00000, 0x0000000085f00000| Untracked 
|  96|0x0000000086000000, 0x0000000086000000, 0x0000000086100000|  0%| F|  |TAMS 0x0000000086000000, 0x0000000086000000| Untracked 
|  97|0x0000000086100000, 0x0000000086100000, 0x0000000086200000|  0%| F|  |TAMS 0x0000000086100000, 0x0000000086100000| Untracked 
|  98|0x0000000086200000, 0x0000000086200000, 0x0000000086300000|  0%| F|  |TAMS 0x0000000086200000, 0x0000000086200000| Untracked 
|  99|0x0000000086300000, 0x0000000086300000, 0x0000000086400000|  0%| F|  |TAMS 0x0000000086300000, 0x0000000086300000| Untracked 
| 100|0x0000000086400000, 0x0000000086400000, 0x0000000086500000|  0%| F|  |TAMS 0x0000000086400000, 0x0000000086400000| Untracked 
| 101|0x0000000086500000, 0x0000000086500000, 0x0000000086600000|  0%| F|  |TAMS 0x0000000086500000, 0x0000000086500000| Untracked 
| 102|0x0000000086600000, 0x0000000086600000, 0x0000000086700000|  0%| F|  |TAMS 0x0000000086600000, 0x0000000086600000| Untracked 
| 103|0x0000000086700000, 0x0000000086700000, 0x0000000086800000|  0%| F|  |TAMS 0x0000000086700000, 0x0000000086700000| Untracked 
| 104|0x0000000086800000, 0x0000000086800000, 0x0000000086900000|  0%| F|  |TAMS 0x0000000086800000, 0x0000000086800000| Untracked 
| 105|0x0000000086900000, 0x0000000086900000, 0x0000000086a00000|  0%| F|  |TAMS 0x0000000086900000, 0x0000000086900000| Untracked 
| 106|0x0000000086a00000, 0x0000000086b00000, 0x0000000086b00000|100%| E|  |TAMS 0x0000000086a00000, 0x0000000086a00000| Complete 
| 107|0x0000000086b00000, 0x0000000086c00000, 0x0000000086c00000|100%| E|CS|TAMS 0x0000000086b00000, 0x0000000086b00000| Complete 
| 108|0x0000000086c00000, 0x0000000086d00000, 0x0000000086d00000|100%| E|CS|TAMS 0x0000000086c00000, 0x0000000086c00000| Complete 
| 109|0x0000000086d00000, 0x0000000086e00000, 0x0000000086e00000|100%| E|CS|TAMS 0x0000000086d00000, 0x0000000086d00000| Complete 
| 110|0x0000000086e00000, 0x0000000086f00000, 0x0000000086f00000|100%| E|CS|TAMS 0x0000000086e00000, 0x0000000086e00000| Complete 
| 111|0x0000000086f00000, 0x0000000087000000, 0x0000000087000000|100%| E|CS|TAMS 0x0000000086f00000, 0x0000000086f00000| Complete 

Card table byte_map: [0x0000026dc53f0000,0x0000026dc57f0000] _byte_map_base: 0x0000026dc4ff0000

Marking Bits (Prev, Next): (CMBitMap*) 0x0000026db23781d0, (CMBitMap*) 0x0000026db2378198
 Prev Bits: [0x0000026dc7bf0000, 0x0000026dc9bf0000)
 Next Bits: [0x0000026dc5bf0000, 0x0000026dc7bf0000)

Polling page: 0x0000026db0350000

Metaspace:

Usage:
  Non-class:     23.05 MB capacity,    22.60 MB ( 98%) used,   413.88 KB (  2%) free+waste,    46.81 KB ( <1%) overhead. 
      Class:      3.55 MB capacity,     3.33 MB ( 94%) used,   198.27 KB (  5%) free+waste,    23.06 KB ( <1%) overhead. 
       Both:     26.60 MB capacity,    25.93 MB ( 97%) used,   612.14 KB (  2%) free+waste,    69.88 KB ( <1%) overhead. 

Virtual space:
  Non-class space:       24.00 MB reserved,      23.17 MB ( 97%) committed 
      Class space:        1.00 GB reserved,       3.63 MB ( <1%) committed 
             Both:        1.02 GB reserved,      26.80 MB (  3%) committed 

Chunk freelists:
   Non-Class:  61.00 KB
       Class:  17.00 KB
        Both:  78.00 KB

MaxMetaspaceSize: 17179869184.00 GB
CompressedClassSpaceSize: 1.00 GB

CodeHeap 'non-profiled nmethods': size=120000Kb used=978Kb max_used=978Kb free=119021Kb
 bounds [0x0000026dbd790000, 0x0000026dbda00000, 0x0000026dc4cc0000]
CodeHeap 'profiled nmethods': size=120000Kb used=4091Kb max_used=4091Kb free=115908Kb
 bounds [0x0000026db6260000, 0x0000026db6670000, 0x0000026dbd790000]
CodeHeap 'non-nmethods': size=5760Kb used=1146Kb max_used=1181Kb free=4613Kb
 bounds [0x0000026db5cc0000, 0x0000026db5f30000, 0x0000026db6260000]
 total_blobs=2503 nmethods=2018 adapters=396
 compilation: enabled
              stopped_count=0, restarted_count=0
 full_count=0

Compilation events (20 events):
Event: 4.845 Thread 0x0000026dcc652000 2203       3       com.google.common.cache.LongAdder::<init> (5 bytes)
Event: 4.845 Thread 0x0000026dcc652000 nmethod 2203 0x0000026db665cc10 code [0x0000026db665cde0, 0x0000026db665cff8]
Event: 4.845 Thread 0x0000026dcc652000 2204       3       com.google.common.cache.Striped64::<init> (5 bytes)
Event: 4.846 Thread 0x0000026dcc652000 nmethod 2204 0x0000026db665d110 code [0x0000026db665d2c0, 0x0000026db665d478]
Event: 4.866 Thread 0x0000026dcc652000 2205       3       org.objectweb.asm.SymbolTable::addConstantClass (8 bytes)
Event: 4.866 Thread 0x0000026dcc652000 nmethod 2205 0x0000026db665d590 code [0x0000026db665d740, 0x0000026db665d868]
Event: 4.866 Thread 0x0000026dcc652000 2206       3       org.objectweb.asm.SymbolTable::addConstantMemberReference (147 bytes)
Event: 4.868 Thread 0x0000026dcc652000 nmethod 2206 0x0000026db665d910 code [0x0000026db665dba0, 0x0000026db665e4c8]
Event: 4.868 Thread 0x0000026dcc652000 2208       3       org.objectweb.asm.SymbolTable::addType (81 bytes)
Event: 4.869 Thread 0x0000026dcc652000 nmethod 2208 0x0000026db665ea90 code [0x0000026db665ecc0, 0x0000026db665f298]
Event: 4.869 Thread 0x0000026dcc652000 2210       3       jdk.internal.reflect.ReflectionFactory::copyField (10 bytes)
Event: 4.869 Thread 0x0000026dcc652000 nmethod 2210 0x0000026db665f590 code [0x0000026db665f780, 0x0000026db665fa88]
Event: 4.869 Thread 0x0000026dcc652000 2211       3       java.lang.reflect.ReflectAccess::copyField (5 bytes)
Event: 4.869 Thread 0x0000026dcc652000 nmethod 2211 0x0000026db665fc10 code [0x0000026db665fdc0, 0x0000026db665fee8]
Event: 4.869 Thread 0x0000026dcc652000 2212       3       java.lang.reflect.Field::copy (76 bytes)
Event: 4.870 Thread 0x0000026dcc652000 nmethod 2212 0x0000026db665ff90 code [0x0000026db6660180, 0x0000026db6660578]
Event: 4.870 Thread 0x0000026dcc652000 2207       3       org.objectweb.asm.SymbolTable::hash (20 bytes)
Event: 4.870 Thread 0x0000026dcc652000 nmethod 2207 0x0000026db6660690 code [0x0000026db6660860, 0x0000026db6660a28]
Event: 4.870 Thread 0x0000026dcc652000 2209       1       com.google.common.cache.CacheBuilder::getStatsCounterSupplier (5 bytes)
Event: 4.870 Thread 0x0000026dcc652000 nmethod 2209 0x0000026dbd884590 code [0x0000026dbd884740, 0x0000026dbd8847f8]

GC Heap History (8 events):
Event: 1.231 GC heap before
{Heap before GC invocations=0 (full 0):
 garbage-first heap   total 114688K, used 29696K [0x0000000080000000, 0x0000000100000000)
  region size 1024K, 24 young (24576K), 0 survivors (0K)
 Metaspace       used 10767K, capacity 11000K, committed 11264K, reserved 1058816K
  class space    used 1139K, capacity 1200K, committed 1280K, reserved 1048576K
}
Event: 1.244 GC heap after
{Heap after GC invocations=1 (full 0):
 garbage-first heap   total 114688K, used 8507K [0x0000000080000000, 0x0000000100000000)
  region size 1024K, 3 young (3072K), 3 survivors (3072K)
 Metaspace       used 10767K, capacity 11000K, committed 11264K, reserved 1058816K
  class space    used 1139K, capacity 1200K, committed 1280K, reserved 1048576K
}
Event: 3.465 GC heap before
{Heap before GC invocations=1 (full 0):
 garbage-first heap   total 114688K, used 73019K [0x0000000080000000, 0x0000000100000000)
  region size 1024K, 67 young (68608K), 3 survivors (3072K)
 Metaspace       used 18197K, capacity 18740K, committed 19072K, reserved 1067008K
  class space    used 2195K, capacity 2338K, committed 2432K, reserved 1048576K
}
Event: 3.476 GC heap after
{Heap after GC invocations=2 (full 0):
 garbage-first heap   total 114688K, used 15173K [0x0000000080000000, 0x0000000100000000)
  region size 1024K, 9 young (9216K), 9 survivors (9216K)
 Metaspace       used 18197K, capacity 18740K, committed 19072K, reserved 1067008K
  class space    used 2195K, capacity 2338K, committed 2432K, reserved 1048576K
}
Event: 3.830 GC heap before
{Heap before GC invocations=2 (full 0):
 garbage-first heap   total 114688K, used 29509K [0x0000000080000000, 0x0000000100000000)
  region size 1024K, 25 young (25600K), 9 survivors (9216K)
 Metaspace       used 20695K, capacity 21168K, committed 21296K, reserved 1069056K
  class space    used 2490K, capacity 2636K, committed 2688K, reserved 1048576K
}
Event: 3.840 GC heap after
{Heap after GC invocations=3 (full 0):
 garbage-first heap   total 114688K, used 15773K [0x0000000080000000, 0x0000000100000000)
  region size 1024K, 1 young (1024K), 1 survivors (1024K)
 Metaspace       used 20695K, capacity 21168K, committed 21296K, reserved 1069056K
  class space    used 2490K, capacity 2636K, committed 2688K, reserved 1048576K
}
Event: 4.758 GC heap before
{Heap before GC invocations=4 (full 0):
 garbage-first heap   total 114688K, used 64925K [0x0000000080000000, 0x0000000100000000)
  region size 1024K, 41 young (41984K), 1 survivors (1024K)
 Metaspace       used 25954K, capacity 26626K, committed 26800K, reserved 1073152K
  class space    used 3311K, capacity 3535K, committed 3584K, reserved 1048576K
}
Event: 4.762 GC heap after
{Heap after GC invocations=5 (full 0):
 garbage-first heap   total 114688K, used 28324K [0x0000000080000000, 0x0000000100000000)
  region size 1024K, 5 young (5120K), 5 survivors (5120K)
 Metaspace       used 25954K, capacity 26626K, committed 26800K, reserved 1073152K
  class space    used 3311K, capacity 3535K, committed 3584K, reserved 1048576K
}

Deoptimization events (20 events):
Event: 4.605 Thread 0x0000026dcf0d3800 DEOPT PACKING pc=0x0000026dbd864ce0 sp=0x000000b16d1f90c0
Event: 4.605 Thread 0x0000026dcf0d3800 DEOPT UNPACKING pc=0x0000026db5ce74af sp=0x000000b16d1f9110 mode 2
Event: 4.622 Thread 0x0000026dcf0d3800 DEOPT PACKING pc=0x0000026db631b5c4 sp=0x000000b16d1f69b0
Event: 4.622 Thread 0x0000026dcf0d3800 DEOPT UNPACKING pc=0x0000026db5ce72ce sp=0x000000b16d1f5fa0 mode 0
Event: 4.628 Thread 0x0000026dcf0d3800 Uncommon trap: trap_request=0xffffff4d fr.pc=0x0000026dbd7fc4a8 relative=0x0000000000001928
Event: 4.628 Thread 0x0000026dcf0d3800 Uncommon trap: reason=unstable_if action=reinterpret pc=0x0000026dbd7fc4a8 method=java.util.zip.ZipFile$Source.initCEN(ILjava/util/zip/ZipCoder;)V @ 582 c2
Event: 4.628 Thread 0x0000026dcf0d3800 DEOPT PACKING pc=0x0000026dbd7fc4a8 sp=0x000000b16d1f6ac0
Event: 4.628 Thread 0x0000026dcf0d3800 DEOPT UNPACKING pc=0x0000026db5ce74af sp=0x000000b16d1f6aa8 mode 2
Event: 4.702 Thread 0x0000026dcf0d3800 Uncommon trap: trap_request=0xffffff4d fr.pc=0x0000026dbd7e408c relative=0x0000000000000aac
Event: 4.702 Thread 0x0000026dcf0d3800 Uncommon trap: reason=unstable_if action=reinterpret pc=0x0000026dbd7e408c method=java.util.Properties$LineReader.readLine()I @ 379 c2
Event: 4.702 Thread 0x0000026dcf0d3800 DEOPT PACKING pc=0x0000026dbd7e408c sp=0x000000b16d1fbb80
Event: 4.702 Thread 0x0000026dcf0d3800 DEOPT UNPACKING pc=0x0000026db5ce74af sp=0x000000b16d1fbb20 mode 2
Event: 4.795 Thread 0x0000026dcf0d3800 Uncommon trap: trap_request=0xffffff4d fr.pc=0x0000026dbd7b0264 relative=0x0000000000000224
Event: 4.795 Thread 0x0000026dcf0d3800 Uncommon trap: reason=unstable_if action=reinterpret pc=0x0000026dbd7b0264 method=java.util.HashMap.hash(Ljava/lang/Object;)I @ 1 c2
Event: 4.795 Thread 0x0000026dcf0d3800 DEOPT PACKING pc=0x0000026dbd7b0264 sp=0x000000b16d1f8d80
Event: 4.795 Thread 0x0000026dcf0d3800 DEOPT UNPACKING pc=0x0000026db5ce74af sp=0x000000b16d1f8cb8 mode 2
Event: 4.817 Thread 0x0000026dcf0d3800 Uncommon trap: trap_request=0xffffff4d fr.pc=0x0000026dbd8599ac relative=0x000000000000008c
Event: 4.817 Thread 0x0000026dcf0d3800 Uncommon trap: reason=unstable_if action=reinterpret pc=0x0000026dbd8599ac method=java.util.HashMap.hash(Ljava/lang/Object;)I @ 1 c2
Event: 4.817 Thread 0x0000026dcf0d3800 DEOPT PACKING pc=0x0000026dbd8599ac sp=0x000000b16d1f86b0
Event: 4.817 Thread 0x0000026dcf0d3800 DEOPT UNPACKING pc=0x0000026db5ce74af sp=0x000000b16d1f8648 mode 2

Classes redefined (0 events):
No events

Internal exceptions (20 events):
Event: 3.970 Thread 0x0000026dcf0d3800 Exception <a 'java/lang/NoSuchMethodError'{0x0000000086961890}: 'int java.lang.invoke.DirectMethodHandle$Holder.invokeSpecialIFC(java.lang.Object, java.lang.Object, java.lang.Object, java.lang.Object)'> (0x0000000086961890) thrown at [./src/hotspot/share/interpreter/linkResolver.cpp, line 773]
Event: 3.973 Thread 0x0000026dcf0d3800 Exception <a 'java/lang/NoSuchMethodError'{0x000000008696f9f8}: 'java.lang.Object java.lang.invoke.DirectMethodHandle$Holder.invokeInterface(java.lang.Object, java.lang.Object, java.lang.Object)'> (0x000000008696f9f8) thrown at [./src/hotspot/share/interpreter/linkResolver.cpp, line 773]
Event: 3.973 Thread 0x0000026dcf0d3800 Exception <a 'java/lang/IncompatibleClassChangeError'{0x0000000086973178}: Found class java.lang.Object, but interface was expected> (0x0000000086973178) thrown at [./src/hotspot/share/interpreter/linkResolver.cpp, line 839]
Event: 4.195 Thread 0x0000026dcf0d3800 Exception <a 'java/lang/NoSuchMethodError'{0x00000000860056c8}: 'void java.lang.invoke.DirectMethodHandle$Holder.invokeSpecial(java.lang.Object, java.lang.Object, java.lang.Object, java.lang.Object, java.lang.Object, java.lang.Object)'> (0x00000000860056c8) thrown at [./src/hotspot/share/interpreter/linkResolver.cpp, line 773]
Event: 4.305 Thread 0x0000026dcf0d3800 Exception <a 'java/lang/NoSuchMethodError'{0x0000000085ac9e10}: 'java.lang.Object java.lang.invoke.Invokers$Holder.invoker(java.lang.Object, java.lang.Object, java.lang.Object)'> (0x0000000085ac9e10) thrown at [./src/hotspot/share/interpreter/linkResolver.cpp, line 773]
Event: 4.336 Thread 0x0000026dcf0d3800 Exception <a 'java/lang/NoSuchMethodError'{0x00000000859ce2c0}: 'void java.lang.invoke.DirectMethodHandle$Holder.invokeSpecial(java.lang.Object, java.lang.Object, java.lang.Object, java.lang.Object, java.lang.Object, java.lang.Object, java.lang.Object)'> (0x00000000859ce2c0) thrown at [./src/hotspot/share/interpreter/linkResolver.cpp, line 773]
Event: 4.338 Thread 0x0000026dcf0d3800 Exception <a 'java/lang/NoSuchMethodError'{0x00000000859d6508}: 'java.lang.Object java.lang.invoke.Invokers$Holder.linkToTargetMethod(java.lang.Object, java.lang.Object, java.lang.Object, java.lang.Object, java.lang.Object, java.lang.Object)'> (0x00000000859d6508) thrown at [./src/hotspot/share/interpreter/linkResolver.cpp, line 773]
Event: 4.611 Thread 0x0000026dcf0d3800 Exception <a 'java/lang/NoSuchMethodError'{0x0000000084d47de0}: <clinit>> (0x0000000084d47de0) thrown at [./src/hotspot/share/prims/jni.cpp, line 1362]
Event: 4.628 Thread 0x0000026dcf0d3800 Implicit null exception at 0x0000026dbd7fb540 to 0x0000026dbd7fc490
Event: 4.656 Thread 0x0000026dcf0d3800 Exception <a 'java/lang/NoSuchMethodError'{0x0000000084cbeae8}: <clinit>> (0x0000000084cbeae8) thrown at [./src/hotspot/share/prims/jni.cpp, line 1362]
Event: 4.657 Thread 0x0000026dcf0d3800 Exception <a 'java/lang/NoSuchMethodError'{0x0000000084ccac38}: <clinit>> (0x0000000084ccac38) thrown at [./src/hotspot/share/prims/jni.cpp, line 1362]
Event: 4.673 Thread 0x0000026dcf0d3800 Exception <a 'java/lang/NoSuchMethodError'{0x0000000084bc12f8}: <clinit>> (0x0000000084bc12f8) thrown at [./src/hotspot/share/prims/jni.cpp, line 1362]
Event: 4.673 Thread 0x0000026dcf0d3800 Exception <a 'java/lang/NoSuchMethodError'{0x0000000084bc3d30}: <clinit>> (0x0000000084bc3d30) thrown at [./src/hotspot/share/prims/jni.cpp, line 1362]
Event: 4.673 Thread 0x0000026dcf0d3800 Exception <a 'java/lang/NoSuchMethodError'{0x0000000084bc5338}: <clinit>> (0x0000000084bc5338) thrown at [./src/hotspot/share/prims/jni.cpp, line 1362]
Event: 4.673 Thread 0x0000026dcf0d3800 Exception <a 'java/lang/NoSuchMethodError'{0x0000000084bc6628}: <clinit>> (0x0000000084bc6628) thrown at [./src/hotspot/share/prims/jni.cpp, line 1362]
Event: 4.673 Thread 0x0000026dcf0d3800 Exception <a 'java/lang/NoSuchMethodError'{0x0000000084bc7ae0}: <clinit>> (0x0000000084bc7ae0) thrown at [./src/hotspot/share/prims/jni.cpp, line 1362]
Event: 4.673 Thread 0x0000026dcf0d3800 Exception <a 'java/lang/NoSuchMethodError'{0x0000000084bc8ed0}: <clinit>> (0x0000000084bc8ed0) thrown at [./src/hotspot/share/prims/jni.cpp, line 1362]
Event: 4.673 Thread 0x0000026dcf0d3800 Exception <a 'java/lang/NoSuchMethodError'{0x0000000084bca160}: <clinit>> (0x0000000084bca160) thrown at [./src/hotspot/share/prims/jni.cpp, line 1362]
Event: 4.795 Thread 0x0000026dcf0d3800 Implicit null exception at 0x0000026dbd7b0075 to 0x0000026dbd7b0254
Event: 4.817 Thread 0x0000026dcf0d3800 Implicit null exception at 0x0000026dbd85992f to 0x0000026dbd85999d

Events (20 events):
Event: 4.860 loading class org/gradle/api/internal/attributes/DisambiguationRule
Event: 4.860 loading class org/gradle/api/internal/attributes/DisambiguationRule done
Event: 4.861 loading class org/gradle/api/internal/attributes/CompatibilityRule
Event: 4.861 loading class org/gradle/api/internal/attributes/CompatibilityRule done
Event: 4.861 loading class org/gradle/api/internal/attributes/EmptySchema$DoNothingCompatibilityRule
Event: 4.861 loading class org/gradle/api/internal/attributes/EmptySchema$DoNothingCompatibilityRule done
Event: 4.862 loading class org/gradle/api/internal/attributes/EmptySchema$DoNothingDisambiguationRule
Event: 4.862 loading class org/gradle/api/internal/attributes/EmptySchema$DoNothingDisambiguationRule done
Event: 4.862 loading class org/gradle/api/attributes/Attribute
Event: 4.862 loading class org/gradle/api/attributes/Attribute done
Event: 4.863 loading class org/gradle/api/attributes/Usage
Event: 4.863 loading class org/gradle/api/attributes/Usage done
Event: 4.864 loading class org/gradle/api/attributes/LibraryElements
Event: 4.864 loading class org/gradle/api/attributes/LibraryElements done
Event: 4.865 loading class org/gradle/model/internal/inspect/FormattingValidationProblemCollector
Event: 4.865 loading class org/gradle/model/internal/inspect/FormattingValidationProblemCollector done
Event: 4.870 loading class org/gradle/internal/component/external/model/PreferJavaRuntimeVariant$PreferRuntimeVariantUsageDisambiguationRule
Event: 4.870 loading class org/gradle/internal/component/external/model/PreferJavaRuntimeVariant$PreferRuntimeVariantUsageDisambiguationRule done
Event: 4.871 loading class org/gradle/internal/component/external/model/PreferJavaRuntimeVariant$PreferJarVariantUsageDisambiguationRule
Event: 4.871 loading class org/gradle/internal/component/external/model/PreferJavaRuntimeVariant$PreferJarVariantUsageDisambiguationRule done


Dynamic libraries:
0x00007ff792c90000 - 0x00007ff792c9a000 	C:\Program Files\Android\Android Studio\jre\bin\java.exe
0x00007ffd98930000 - 0x00007ffd98b25000 	C:\WINDOWS\SYSTEM32\ntdll.dll
0x00007ffd98340000 - 0x00007ffd983fd000 	C:\WINDOWS\System32\KERNEL32.DLL
0x00007ffd960d0000 - 0x00007ffd96399000 	C:\WINDOWS\System32\KERNELBASE.dll
0x00007ffd963a0000 - 0x00007ffd964a0000 	C:\WINDOWS\System32\ucrtbase.dll
0x00007ffd87c10000 - 0x00007ffd87c29000 	C:\Program Files\Android\Android Studio\jre\bin\jli.dll
0x00007ffd87570000 - 0x00007ffd87587000 	C:\Program Files\Android\Android Studio\jre\bin\VCRUNTIME140.dll
0x00007ffd977a0000 - 0x00007ffd97940000 	C:\WINDOWS\System32\USER32.dll
0x00007ffd96760000 - 0x00007ffd96782000 	C:\WINDOWS\System32\win32u.dll
0x00007ffd970e0000 - 0x00007ffd9710a000 	C:\WINDOWS\System32\GDI32.dll
0x00007ffd85490000 - 0x00007ffd8572a000 	C:\WINDOWS\WinSxS\amd64_microsoft.windows.common-controls_6595b64144ccf1df_6.0.19041.1110_none_60b5254171f9507e\COMCTL32.dll
0x00007ffd964f0000 - 0x00007ffd965fb000 	C:\WINDOWS\System32\gdi32full.dll
0x00007ffd98400000 - 0x00007ffd9849e000 	C:\WINDOWS\System32\msvcrt.dll
0x00007ffd96790000 - 0x00007ffd9682d000 	C:\WINDOWS\System32\msvcp_win.dll
0x00007ffd97590000 - 0x00007ffd975c0000 	C:\WINDOWS\System32\IMM32.DLL
0x00007ffd69160000 - 0x00007ffd691fd000 	C:\Program Files\Android\Android Studio\jre\bin\msvcp140.dll
0x00007ffd3d850000 - 0x00007ffd3e30c000 	C:\Program Files\Android\Android Studio\jre\bin\server\jvm.dll
0x00007ffd97ad0000 - 0x00007ffd97b7c000 	C:\WINDOWS\System32\ADVAPI32.dll
0x00007ffd975e0000 - 0x00007ffd9767b000 	C:\WINDOWS\System32\sechost.dll
0x00007ffd984b0000 - 0x00007ffd985da000 	C:\WINDOWS\System32\RPCRT4.dll
0x00007ffd97110000 - 0x00007ffd97118000 	C:\WINDOWS\System32\PSAPI.DLL
0x00007ffd87a40000 - 0x00007ffd87a49000 	C:\WINDOWS\SYSTEM32\WSOCK32.dll
0x00007ffd8d750000 - 0x00007ffd8d75a000 	C:\WINDOWS\SYSTEM32\VERSION.dll
0x00007ffd93430000 - 0x00007ffd93457000 	C:\WINDOWS\SYSTEM32\WINMM.dll
0x00007ffd97b80000 - 0x00007ffd97beb000 	C:\WINDOWS\System32\WS2_32.dll
0x00007ffd94980000 - 0x00007ffd94992000 	C:\WINDOWS\SYSTEM32\kernel.appcore.dll
0x00007ffd8f010000 - 0x00007ffd8f021000 	C:\Program Files\Android\Android Studio\jre\bin\verify.dll
0x00007ffd943e0000 - 0x00007ffd945c4000 	C:\WINDOWS\SYSTEM32\DBGHELP.DLL
0x00007ffd83640000 - 0x00007ffd8366c000 	C:\WINDOWS\SYSTEM32\dbgcore.DLL
0x00007ffd96830000 - 0x00007ffd968b3000 	C:\WINDOWS\System32\bcryptPrimitives.dll
0x00007ffd87a10000 - 0x00007ffd87a39000 	C:\Program Files\Android\Android Studio\jre\bin\java.dll
0x00007ffd8f150000 - 0x00007ffd8f15b000 	C:\Program Files\Android\Android Studio\jre\bin\jimage.dll
0x00007ffd87c30000 - 0x00007ffd87c48000 	C:\Program Files\Android\Android Studio\jre\bin\zip.dll
0x00007ffd969a0000 - 0x00007ffd970df000 	C:\WINDOWS\System32\SHELL32.dll
0x00007ffd93b70000 - 0x00007ffd94301000 	C:\WINDOWS\SYSTEM32\windows.storage.dll
0x00007ffd97c50000 - 0x00007ffd97fa5000 	C:\WINDOWS\System32\combase.dll
0x00007ffd95a10000 - 0x00007ffd95a3c000 	C:\WINDOWS\SYSTEM32\Wldp.dll
0x00007ffd98640000 - 0x00007ffd986ee000 	C:\WINDOWS\System32\SHCORE.dll
0x00007ffd985e0000 - 0x00007ffd98635000 	C:\WINDOWS\System32\shlwapi.dll
0x00007ffd95fb0000 - 0x00007ffd95fcf000 	C:\WINDOWS\SYSTEM32\profapi.dll
0x00007ffd865f0000 - 0x00007ffd8660a000 	C:\Program Files\Android\Android Studio\jre\bin\net.dll
0x00007ffd86c30000 - 0x00007ffd86d3a000 	C:\WINDOWS\SYSTEM32\WINHTTP.dll
0x00007ffd95770000 - 0x00007ffd957da000 	C:\WINDOWS\system32\mswsock.dll
0x00007ffd84fb0000 - 0x00007ffd84fc4000 	C:\Program Files\Android\Android Studio\jre\bin\nio.dll
0x00007ffd73130000 - 0x00007ffd73156000 	C:\Users\huawe\.gradle\native\31\windows-amd64\native-platform.dll
0x00007ffd8ef70000 - 0x00007ffd8ef7a000 	C:\Program Files\Android\Android Studio\jre\bin\management.dll
0x00007ffd87db0000 - 0x00007ffd87dbc000 	C:\Program Files\Android\Android Studio\jre\bin\management_ext.dll
0x00007ffd95960000 - 0x00007ffd95978000 	C:\WINDOWS\SYSTEM32\CRYPTSP.dll
0x00007ffd95110000 - 0x00007ffd95144000 	C:\WINDOWS\system32\rsaenh.dll
0x00007ffd96970000 - 0x00007ffd96997000 	C:\WINDOWS\System32\bcrypt.dll
0x00007ffd95f70000 - 0x00007ffd95f9e000 	C:\WINDOWS\SYSTEM32\USERENV.dll
0x00007ffd95950000 - 0x00007ffd9595c000 	C:\WINDOWS\SYSTEM32\CRYPTBASE.dll
0x00007ffd95460000 - 0x00007ffd9549b000 	C:\WINDOWS\SYSTEM32\IPHLPAPI.DLL
0x00007ffd984a0000 - 0x00007ffd984a8000 	C:\WINDOWS\System32\NSI.dll
0x00007ffd8cad0000 - 0x00007ffd8cae7000 	C:\WINDOWS\SYSTEM32\dhcpcsvc6.DLL
0x00007ffd8d000000 - 0x00007ffd8d01d000 	C:\WINDOWS\SYSTEM32\dhcpcsvc.DLL
0x00007ffd954a0000 - 0x00007ffd9556c000 	C:\WINDOWS\SYSTEM32\DNSAPI.dll

dbghelp: loaded successfully - version: 4.0.5 - missing functions: none
symbol engine: initialized successfully - sym options: 0x614 - pdb path: .;C:\Program Files\Android\Android Studio\jre\bin;C:\WINDOWS\SYSTEM32;C:\WINDOWS\WinSxS\amd64_microsoft.windows.common-controls_6595b64144ccf1df_6.0.19041.1110_none_60b5254171f9507e;C:\Program Files\Android\Android Studio\jre\bin\server;C:\Users\huawe\.gradle\native\31\windows-amd64

VM Arguments:
jvm_args: --add-opens=java.base/java.util=ALL-UNNAMED --add-opens=java.base/java.lang=ALL-UNNAMED --add-opens=java.base/java.lang.invoke=ALL-UNNAMED --add-opens=java.prefs/java.util.prefs=ALL-UNNAMED -Xmx2048M -Dfile.encoding=windows-1251 -Duser.country=RU -Duser.language=ru -Duser.variant 
java_command: org.gradle.launcher.daemon.bootstrap.GradleDaemon 6.1.1
java_class_path (initial): C:\Users\huawe\.gradle\wrapper\dists\gradle-6.1.1-all\cfmwm155h49vnt3hynmlrsdst\gradle-6.1.1\lib\gradle-launcher-6.1.1.jar
Launcher Type: SUN_STANDARD

[Global flags]
     intx CICompilerCount                          = 4                                         {product} {ergonomic}
     uint ConcGCThreads                            = 2                                         {product} {ergonomic}
     uint G1ConcRefinementThreads                  = 8                                         {product} {ergonomic}
   size_t G1HeapRegionSize                         = 1048576                                   {product} {ergonomic}
    uintx GCDrainStackTargetSize                   = 64                                        {product} {ergonomic}
   size_t InitialHeapSize                          = 117440512                                 {product} {ergonomic}
   size_t MarkStackSize                            = 4194304                                   {product} {ergonomic}
   size_t MaxHeapSize                              = 2147483648                                {product} {command line}
   size_t MaxNewSize                               = 1287651328                                {product} {ergonomic}
   size_t MinHeapDeltaBytes                        = 1048576                                   {product} {ergonomic}
    uintx NonNMethodCodeHeapSize                   = 5836300                                {pd product} {ergonomic}
    uintx NonProfiledCodeHeapSize                  = 122910970                              {pd product} {ergonomic}
    uintx ProfiledCodeHeapSize                     = 122910970                              {pd product} {ergonomic}
    uintx ReservedCodeCacheSize                    = 251658240                              {pd product} {ergonomic}
     bool SegmentedCodeCache                       = true                                      {product} {ergonomic}
     bool UseCompressedClassPointers               = true                                 {lp64_product} {ergonomic}
     bool UseCompressedOops                        = true                                 {lp64_product} {ergonomic}
     bool UseG1GC                                  = true                                      {product} {ergonomic}
     bool UseLargePagesIndividualAllocation        = false                                  {pd product} {ergonomic}

Logging:
Log output configuration:
 #0: stdout all=warning uptime,level,tags
 #1: stderr all=off uptime,level,tags

Environment Variables:
PATH=C:\Program Files (x86)\Common Files\Oracle\Java\javapath;C:\ProgramData\Oracle\Java\javapath;C:\WINDOWS\system32;C:\WINDOWS;C:\WINDOWS\System32\Wbem;C:\WINDOWS\System32\WindowsPowerShell\v1.0\;C:\WINDOWS\System32\OpenSSH\;C:\Program Files\Git\cmd;C:\Users\huawe\AppData\Local\Microsoft\WindowsApps;
USERNAME=huawe
OS=Windows_NT
PROCESSOR_IDENTIFIER=AMD64 Family 23 Model 24 Stepping 1, AuthenticAMD



---------------  S Y S T E M  ---------------

OS: Windows 10 , 64 bit Build 19041 (10.0.19041.1023)
OS uptime: 15 days 11:05 hours

CPU:total 8 (initial active 8) (8 cores per cpu, 2 threads per core) family 23 model 24 stepping 1, cmov, cx8, fxsr, mmx, sse, sse2, sse3, ssse3, sse4.1, sse4.2, popcnt, avx, avx2, aes, clmul, mmxext, 3dnowpref, lzcnt, sse4a, ht, tsc, tscinvbit, tscinv, bmi1, bmi2, adx, sha, fma

Memory: 4k page, system-wide physical 7103M (985M free)
TotalPageFile size 17343M (AvailPageFile size 5M)
current process WorkingSet (physical memory assigned to process): 210M, peak: 210M
current process commit charge ("private bytes"): 264M, peak: 264M

vm_info: OpenJDK 64-Bit Server VM (11.0.8+10-b944.6842174) for windows-amd64 JRE (11.0.8+10-b944.6842174), built on Sep 19 2020 01:11:42 by "builder" with MS VC++ 14.0 (VS2015)

END.
